<?xml version="1.0" encoding="UTF-8"?>
<testsuite name="com.wordz.domain.WordSelectionFailureTest" tests="1" skipped="0" failures="0" errors="0" timestamp="2023-06-28T14:33:54" hostname="DESKTOP-AF45CCE" time="2.278">
  <properties/>
  <testcase name="reportsWordNotFound()" classname="com.wordz.domain.WordSelectionFailureTest" time="2.278"/>
  <system-out><![CDATA[]]></system-out>
  <system-err><![CDATA[]]></system-err>
</testsuite>
