<?xml version="1.0" encoding="UTF-8"?>
<testsuite name="ejemplos.WelcomeEmailTest" tests="2" skipped="0" failures="0" errors="0" timestamp="2023-06-28T14:33:56" hostname="DESKTOP-AF45CCE" time="0.104">
  <properties/>
  <testcase name="sendsWelcomeEmail()" classname="ejemplos.WelcomeEmailTest" time="0.095"/>
  <testcase name="rejectsInvalidEmailRecipient()" classname="ejemplos.WelcomeEmailTest" time="0.007"/>
  <system-out><![CDATA[]]></system-out>
  <system-err><![CDATA[]]></system-err>
</testsuite>
