<?xml version="1.0" encoding="UTF-8"?>
<testsuite name="ejemplos.LanzamientoDadosTest" tests="1" skipped="0" failures="0" errors="0" timestamp="2023-06-10T15:21:42" hostname="DESKTOP-AF45CCE" time="0.19">
  <properties/>
  <testcase name="producesMensage()" classname="ejemplos.LanzamientoDadosTest" time="0.19"/>
  <system-out><![CDATA[]]></system-out>
  <system-err><![CDATA[]]></system-err>
</testsuite>
