<?xml version="1.0" encoding="UTF-8"?>
<testsuite name="ejemplos.LanzamientoDadosTest" tests="1" skipped="0" failures="0" errors="0" timestamp="2023-06-28T14:33:56" hostname="DESKTOP-AF45CCE" time="0.003">
  <properties/>
  <testcase name="producesMensage()" classname="ejemplos.LanzamientoDadosTest" time="0.003"/>
  <system-out><![CDATA[]]></system-out>
  <system-err><![CDATA[]]></system-err>
</testsuite>
