<?xml version="1.0" encoding="UTF-8"?>
<testsuite name="com.wordz.domain.UsernameTest" tests="3" skipped="0" failures="0" errors="0" timestamp="2023-05-13T22:57:25" hostname="DESKTOP-AF45CCE" time="0.179">
  <properties/>
  <testcase name="rejectsShortName()" classname="com.wordz.domain.UsernameTest" time="0.164"/>
  <testcase name="convertsToLowerCase()" classname="com.wordz.domain.UsernameTest" time="0.008"/>
  <testcase name="acceptsMinimumLengthName()" classname="com.wordz.domain.UsernameTest" time="0.004"/>
  <system-out><![CDATA[]]></system-out>
  <system-err><![CDATA[]]></system-err>
</testsuite>
