<?xml version="1.0" encoding="UTF-8"?>
<testsuite name="com.wordz.domain.WordTest" tests="4" skipped="0" failures="0" errors="0" timestamp="2023-06-21T14:35:17" hostname="DESKTOP-AF45CCE" time="0.332">
  <properties/>
  <testcase name="oneCorrectLetter()" classname="com.wordz.domain.WordTest" time="0.319"/>
  <testcase name="allScoreCombinations()" classname="com.wordz.domain.WordTest" time="0.003"/>
  <testcase name="secondLetterWrongPosition()" classname="com.wordz.domain.WordTest" time="0.002"/>
  <testcase name="oneIncorrectLetter()" classname="com.wordz.domain.WordTest" time="0.002"/>
  <system-out><![CDATA[]]></system-out>
  <system-err><![CDATA[]]></system-err>
</testsuite>
